[    0.000000] Linux version 4.15.0-200-generic (buildd@lcy02-amd64-069) (gcc version 7.5.0 (Ubuntu 7.5.0-3ubuntu1~18.04)) #211-Ubuntu SMP Thu Nov 24 18:16:04 UTC 2022 (Ubuntu 4.15.0-200.211-generic 4.15.18)
[    0.000000] Command line: BOOT_IMAGE=/boot/vmlinuz-4.15.0-200-generic root=LABEL=cloudimg-rootfs ro console=tty1 console=ttyS0
[    0.000000] KERNEL supported cpus:
[    0.000000]   Intel GenuineIntel
[    0.000000]   AMD AuthenticAMD
[    0.000000]   Centaur CentaurHauls
[    0.000000] x86/fpu: x87 FPU will use FXSAVE
[    0.000000] e820: BIOS-provided physical RAM map:
[    0.000000] BIOS-e820: [mem 0x0000000000000000-0x000000000009fbff] usable
[    0.000000] BIOS-e820: [mem 0x000000000009fc00-0x000000000009ffff] reserved
[    0.000000] BIOS-e820: [mem 0x00000000000f0000-0x00000000000fffff] reserved
[    0.000000] BIOS-e820: [mem 0x0000000000100000-0x000000003ffeffff] usable
[    0.000000] BIOS-e820: [mem 0x000000003fff0000-0x000000003fffffff] ACPI data
[    0.000000] BIOS-e820: [mem 0x00000000fec00000-0x00000000fec00fff] reserved
[    0.000000] BIOS-e820: [mem 0x00000000fee00000-0x00000000fee00fff] reserved
[    0.000000] BIOS-e820: [mem 0x00000000fffc0000-0x00000000ffffffff] reserved
[    0.000000] NX (Execute Disable) protection: active
[    0.000000] SMBIOS 2.5 present.
[    0.000000] DMI: innotek GmbH VirtualBox/VirtualBox, BIOS VirtualBox 12/01/2006
[    0.000000] Hypervisor detected: KVM
[    0.000000] e820: last_pfn = 0x3fff0 max_arch_pfn = 0x400000000
[    0.000000] MTRR: Disabled
[    0.000000] x86/PAT: MTRRs disabled, skipping PAT initialization too.
[    0.000000] CPU MTRRs all blank - virtualized system.
[    0.000000] x86/PAT: Configuration [0-7]: WB  WT  UC- UC  WB  WT  UC- UC  
[    0.000000] found SMP MP-table at [mem 0x0009fff0-0x0009ffff]
[    0.000000] Scanning 1 areas for low memory corruption
[    0.000000] RAMDISK: [mem 0x359c9000-0x36cdbfff]
[    0.000000] ACPI: Early table checksum verification disabled
[    0.000000] ACPI: RSDP 0x00000000000E0000 000024 (v02 VBOX  )
[    0.000000] ACPI: XSDT 0x000000003FFF0030 00003C (v01 VBOX   VBOXXSDT 00000001 ASL  00000061)
[    0.000000] ACPI: FACP 0x000000003FFF00F0 0000F4 (v04 VBOX   VBOXFACP 00000001 ASL  00000061)
[    0.000000] ACPI: DSDT 0x000000003FFF0470 002325 (v02 VBOX   VBOXBIOS 00000002 INTL 20100528)
[    0.000000] ACPI: FACS 0x000000003FFF0200 000040
[    0.000000] ACPI: FACS 0x000000003FFF0200 000040
[    0.000000] ACPI: APIC 0x000000003FFF0240 00005C (v02 VBOX   VBOXAPIC 00000001 ASL  00000061)
[    0.000000] ACPI: SSDT 0x000000003FFF02A0 0001CC (v01 VBOX   VBOXCPUT 00000002 INTL 20100528)
[    0.000000] ACPI: Reserving FACP table memory at [mem 0x3fff00f0-0x3fff01e3]
[    0.000000] ACPI: Reserving DSDT table memory at [mem 0x3fff0470-0x3fff2794]
[    0.000000] ACPI: Reserving FACS table memory at [mem 0x3fff0200-0x3fff023f]
[    0.000000] ACPI: Reserving FACS table memory at [mem 0x3fff0200-0x3fff023f]
[    0.000000] ACPI: Reserving APIC table memory at [mem 0x3fff0240-0x3fff029b]
[    0.000000] ACPI: Reserving SSDT table memory at [mem 0x3fff02a0-0x3fff046b]
[    0.000000] No NUMA configuration found
[    0.000000] Faking a node at [mem 0x0000000000000000-0x000000003ffeffff]
[    0.000000] NODE_DATA(0) allocated [mem 0x3ffc5000-0x3ffeffff]
[    0.000000] kvm-clock: cpu 0, msr 0:3ff44001, primary cpu clock
[    0.000000] kvm-clock: Using msrs 4b564d01 and 4b564d00
[    0.000000] kvm-clock: using sched offset of 7287879992 cycles
[    0.000000] clocksource: kvm-clock: mask: 0xffffffffffffffff max_cycles: 0x1cd42e4dffb, max_idle_ns: 881590591483 ns
[    0.000000] Zone ranges:
[    0.000000]   DMA      [mem 0x0000000000001000-0x0000000000ffffff]
[    0.000000]   DMA32    [mem 0x0000000001000000-0x000000003ffeffff]
[    0.000000]   Normal   empty
[    0.000000]   Device   empty
[    0.000000] Movable zone start for each node
[    0.000000] Early memory node ranges
[    0.000000]   node   0: [mem 0x0000000000001000-0x000000000009efff]
[    0.000000]   node   0: [mem 0x0000000000100000-0x000000003ffeffff]
[    0.000000] Reserved but unavailable: 104 pages
[    0.000000] Initmem setup node 0 [mem 0x0000000000001000-0x000000003ffeffff]
[    0.000000] ACPI: PM-Timer IO Port: 0x4008
[    0.000000] IOAPIC[0]: apic_id 2, version 32, address 0xfec00000, GSI 0-23
[    0.000000] ACPI: INT_SRC_OVR (bus 0 bus_irq 0 global_irq 2 dfl dfl)
[    0.000000] ACPI: INT_SRC_OVR (bus 0 bus_irq 9 global_irq 9 low level)
[    0.000000] Using ACPI (MADT) for SMP configuration information
[    0.000000] smpboot: Allowing 2 CPUs, 0 hotplug CPUs
[    0.000000] PM: Registered nosave memory: [mem 0x00000000-0x00000fff]
[    0.000000] PM: Registered nosave memory: [mem 0x0009f000-0x0009ffff]
[    0.000000] PM: Registered nosave memory: [mem 0x000a0000-0x000effff]
[    0.000000] PM: Registered nosave memory: [mem 0x000f0000-0x000fffff]
[    0.000000] e820: [mem 0x40000000-0xfebfffff] available for PCI devices
[    0.000000] Booting paravirtualized kernel on KVM
[    0.000000] clocksource: refined-jiffies: mask: 0xffffffff max_cycles: 0xffffffff, max_idle_ns: 7645519600211568 ns
[    0.000000] setup_percpu: NR_CPUS:8192 nr_cpumask_bits:2 nr_cpu_ids:2 nr_node_ids:1
[    0.000000] percpu: Embedded 50 pages/cpu s167936 r8192 d28672 u1048576
[    0.000000] PV qspinlock hash table entries: 256 (order: 0, 4096 bytes)
[    0.000000] Built 1 zonelists, mobility grouping on.  Total pages: 257913
[    0.000000] Policy zone: DMA32
[    0.000000] Kernel command line: BOOT_IMAGE=/boot/vmlinuz-4.15.0-200-generic root=LABEL=cloudimg-rootfs ro console=tty1 console=ttyS0
[    0.000000] Memory: 982648K/1048120K available (12300K kernel code, 2477K rwdata, 4320K rodata, 2472K init, 2720K bss, 65472K reserved, 0K cma-reserved)
[    0.000000] SLUB: HWalign=64, Order=0-3, MinObjects=0, CPUs=2, Nodes=1
[    0.000000] ftrace: allocating 39478 entries in 155 pages
[    0.004000] Hierarchical RCU implementation.
[    0.004000] 	RCU restricting CPUs from NR_CPUS=8192 to nr_cpu_ids=2.
[    0.004000] 	Tasks RCU enabled.
[    0.004000] RCU: Adjusting geometry for rcu_fanout_leaf=16, nr_cpu_ids=2
[    0.004000] NR_IRQS: 524544, nr_irqs: 440, preallocated irqs: 16
[    0.004000] Console: colour VGA+ 80x25
[    0.004000] console [tty1] enabled
[    0.004000] console [ttyS0] enabled
[    0.004000] ACPI: Core revision 20170831
[    0.004000] ACPI: 2 ACPI AML tables successfully acquired and loaded
[    0.004000] APIC: Switch to symmetric I/O mode setup
[    0.004000] ..TIMER: vector=0x30 apic1=0 pin1=2 apic2=-1 pin2=-1
[    0.004015] tsc: Detected 2803.198 MHz processor
[    0.008032] Calibrating delay loop (skipped) preset value.. 5606.39 BogoMIPS (lpj=11212792)
[    0.012014] pid_max: default: 32768 minimum: 301
[    0.016271] Security Framework initialized
[    0.020013] Yama: becoming mindful.
[    0.024242] AppArmor: AppArmor initialized
[    0.041687] Dentry cache hash table entries: 131072 (order: 8, 1048576 bytes)
[    0.050739] Inode-cache hash table entries: 65536 (order: 7, 524288 bytes)
[    0.052316] Mount-cache hash table entries: 2048 (order: 2, 16384 bytes)
[    0.056189] Mountpoint-cache hash table entries: 2048 (order: 2, 16384 bytes)
[    0.065051] Last level iTLB entries: 4KB 0, 2MB 0, 4MB 0
[    0.068010] Last level dTLB entries: 4KB 0, 2MB 0, 4MB 0, 1GB 0
[    0.072014] Spectre V1 : Mitigation: usercopy/swapgs barriers and __user pointer sanitization
[    0.076015] Spectre V2 : Mitigation: Enhanced IBRS
[    0.080009] Spectre V2 : Spectre v2 / SpectreRSB mitigation: Filling RSB on context switch
[    0.084011] Speculative Store Bypass: Vulnerable
[    0.092445] Freeing SMP alternatives memory: 36K
[    0.217259] smpboot: CPU0: 11th Gen Intel(R) Core(TM) i7-1165G7 @ 2.80GHz (family: 0x6, model: 0x8c, stepping: 0x1)
[    0.224848] Performance Events: unsupported p6 CPU model 140 no PMU driver, software events only.
[    0.232103] Hierarchical SRCU implementation.
[    0.242286] NMI watchdog: Perf event create on CPU 0 failed with -2
[    0.244013] NMI watchdog: Perf NMI watchdog permanently disabled
[    0.248656] smp: Bringing up secondary CPUs ...
[    0.254502] x86: Booting SMP configuration:
[    0.256015] .... node  #0, CPUs:      #1
[    0.004000] kvm-clock: cpu 1, msr 0:3ff44041, secondary cpu clock
[    0.287671] TSC synchronization [CPU#0 -> CPU#1]:
[    0.288000] Measured 140817 cycles TSC warp between CPUs, turning off TSC clock.
[    0.288000] tsc: Marking TSC unstable due to check_tsc_sync_source failed
[    0.296801] smp: Brought up 1 node, 2 CPUs
[    0.300018] smpboot: Max logical packages: 1
[    0.304019] smpboot: Total of 2 processors activated (11212.79 BogoMIPS)
[    0.316025] devtmpfs: initialized
[    0.320414] x86/mm: Memory block size: 128MB
[    0.325637] evm: security.selinux
[    0.328012] evm: security.SMACK64
[    0.332010] evm: security.SMACK64EXEC
[    0.336012] evm: security.SMACK64TRANSMUTE
[    0.340011] evm: security.SMACK64MMAP
[    0.344011] evm: security.apparmor
[    0.348009] evm: security.ima
[    0.352009] evm: security.capability
[    0.360983] clocksource: jiffies: mask: 0xffffffff max_cycles: 0xffffffff, max_idle_ns: 7645041785100000 ns
[    0.364037] futex hash table entries: 512 (order: 3, 32768 bytes)
[    0.372244] pinctrl core: initialized pinctrl subsystem
[    0.380630] RTC time: 16:10:40, date: 12/07/22
[    0.390191] NET: Registered protocol family 16
[    0.392425] audit: initializing netlink subsys (disabled)
[    0.400110] audit: type=2000 audit(1670429446.870:1): state=initialized audit_enabled=0 res=1
[    0.436030] cpuidle: using governor ladder
[    0.440236] cpuidle: using governor menu
[    0.448146] ACPI: bus type PCI registered
[    0.452015] acpiphp: ACPI Hot Plug PCI Controller Driver version: 0.5
[    0.457452] PCI: Using configuration type 1 for base access
[    0.480056] HugeTLB registered 2.00 MiB page size, pre-allocated 0 pages
[    0.496936] ACPI: Added _OSI(Module Device)
[    0.500022] ACPI: Added _OSI(Processor Device)
[    0.508016] ACPI: Added _OSI(3.0 _SCP Extensions)
[    0.512017] ACPI: Added _OSI(Processor Aggregator Device)
[    0.516087] ACPI: Added _OSI(Linux-Dell-Video)
[    0.520014] ACPI: Added _OSI(Linux-Lenovo-NV-HDMI-Audio)
[    0.524017] ACPI: Added _OSI(Linux-HPI-Hybrid-Graphics)
[    0.533702] ACPI: Executed 1 blocks of module-level executable AML code
[    0.550717] ACPI: Interpreter enabled
[    0.552050] ACPI: (supports S0 S5)
[    0.556012] ACPI: Using IOAPIC for interrupt routing
[    0.564547] PCI: Using host bridge windows from ACPI; if necessary, use "pci=nocrs" and report a bug
[    0.572791] ACPI: Enabled 2 GPEs in block 00 to 07
[    0.604912] ACPI: PCI Root Bridge [PCI0] (domain 0000 [bus 00-ff])
[    0.608033] acpi PNP0A03:00: _OSC: OS supports [ASPM ClockPM Segments MSI]
[    0.617149] acpi PNP0A03:00: _OSC: not requesting OS control; OS requires [ExtendedConfig ASPM ClockPM MSI]
[    0.620064] acpi PNP0A03:00: fail to add MMCONFIG information, can't access extended PCI configuration space under this bridge.
[    0.628326] PCI host bridge to bus 0000:00
[    0.632018] pci_bus 0000:00: root bus resource [io  0x0000-0x0cf7 window]
[    0.636020] pci_bus 0000:00: root bus resource [io  0x0d00-0xffff window]
[    0.640019] pci_bus 0000:00: root bus resource [mem 0x000a0000-0x000bffff window]
[    0.644021] pci_bus 0000:00: root bus resource [mem 0x40000000-0xfdffffff window]
[    0.648020] pci_bus 0000:00: root bus resource [bus 00-ff]
[    0.676000] pci 0000:00:01.1: legacy IDE quirk: reg 0x10: [io  0x01f0-0x01f7]
[    0.676023] pci 0000:00:01.1: legacy IDE quirk: reg 0x14: [io  0x03f6]
[    0.680020] pci 0000:00:01.1: legacy IDE quirk: reg 0x18: [io  0x0170-0x0177]
[    0.684017] pci 0000:00:01.1: legacy IDE quirk: reg 0x1c: [io  0x0376]
[    0.746547] pci 0000:00:07.0: quirk: [io  0x4000-0x403f] claimed by PIIX4 ACPI
[    0.748111] pci 0000:00:07.0: quirk: [io  0x4100-0x410f] claimed by PIIX4 SMB
[    0.782018] ACPI: PCI Interrupt Link [LNKA] (IRQs 5 9 10 *11)
[    0.788007] ACPI: PCI Interrupt Link [LNKB] (IRQs 5 9 *10 11)
[    0.792603] ACPI: PCI Interrupt Link [LNKC] (IRQs 5 *9 10 11)
[    0.800548] ACPI: PCI Interrupt Link [LNKD] (IRQs 5 9 10 *11)
[    0.808990] SCSI subsystem initialized
[    0.816418] pci 0000:00:02.0: vgaarb: setting as boot VGA device
[    0.820000] pci 0000:00:02.0: vgaarb: VGA device added: decodes=io+mem,owns=io+mem,locks=none
[    0.820025] pci 0000:00:02.0: vgaarb: bridge control possible
[    0.824023] vgaarb: loaded
[    0.828201] ACPI: bus type USB registered
[    0.832133] usbcore: registered new interface driver usbfs
[    0.836049] usbcore: registered new interface driver hub
[    0.840046] usbcore: registered new device driver usb
[    0.845076] EDAC MC: Ver: 3.0.0
[    0.856593] PCI: Using ACPI for IRQ routing
[    0.867201] NetLabel: Initializing
[    0.868018] NetLabel:  domain hash size = 128
[    0.872016] NetLabel:  protocols = UNLABELED CIPSOv4 CALIPSO
[    0.876095] NetLabel:  unlabeled traffic allowed by default
[    0.888855] clocksource: Switched to clocksource kvm-clock
[    0.926586] VFS: Disk quotas dquot_6.6.0
[    0.926586] VFS: Dquot-cache hash table entries: 512 (order 0, 4096 bytes)
[    0.926586] AppArmor: AppArmor Filesystem Enabled
[    0.926586] pnp: PnP ACPI init
[    0.926586] pnp: PnP ACPI: found 3 devices
[    1.205018] clocksource: acpi_pm: mask: 0xffffff max_cycles: 0xffffff, max_idle_ns: 2085701024 ns
[    1.208831] NET: Registered protocol family 2
[    1.208831] IP idents hash table entries: 16384 (order: 5, 131072 bytes)
[    1.257241] TCP established hash table entries: 8192 (order: 4, 65536 bytes)
[    1.275730] TCP bind hash table entries: 8192 (order: 5, 131072 bytes)
[    1.294668] TCP: Hash tables configured (established 8192 bind 8192)
[    1.313434] UDP hash table entries: 512 (order: 2, 16384 bytes)
[    1.328407] UDP-Lite hash table entries: 512 (order: 2, 16384 bytes)
[    1.345064] NET: Registered protocol family 1
[    1.356378] pci 0000:00:00.0: Limiting direct PCI/PCI transfers
[    1.372491] pci 0000:00:01.0: Activating ISA DMA hang workarounds
[    1.389085] pci 0000:00:02.0: Video device with shadowed ROM at [mem 0x000c0000-0x000dffff]
[    1.413398] Unpacking initramfs...
[    3.180351] Freeing initrd memory: 19532K
[    3.197146] clocksource: tsc: mask: 0xffffffffffffffff max_cycles: 0x28680e0a5c3, max_idle_ns: 440795346756 ns
[    3.228003] platform rtc_cmos: registered platform RTC device (no PNP device found)
[    3.253001] Scanning for low memory corruption every 60 seconds
[    3.277327] Initialise system trusted keyrings
[    3.293200] Key type blacklist registered
[    3.309036] workingset: timestamp_bits=36 max_order=18 bucket_order=0
[    3.334872] zbud: loaded
[    3.354427] squashfs: version 4.0 (2009/01/31) Phillip Lougher
[    3.376016] fuse init (API version 7.26)
[    3.453657] Key type asymmetric registered
[    3.470397] Asymmetric key parser 'x509' registered
[    3.489183] Block layer SCSI generic (bsg) driver version 0.4 loaded (major 246)
[    3.520575] io scheduler noop registered
[    3.537056] io scheduler deadline registered
[    3.557844] io scheduler cfq registered (default)
[    3.578352] ACPI: AC Adapter [AC] (off-line)
[    3.592278] input: Power Button as /devices/LNXSYSTM:00/LNXPWRBN:00/input/input0
[    3.614875] ACPI: Power Button [PWRF]
[    3.626256] input: Sleep Button as /devices/LNXSYSTM:00/LNXSLPBN:00/input/input1
[    3.649654] ACPI: Sleep Button [SLPF]
[    3.670031] Serial: 8250/16550 driver, 32 ports, IRQ sharing enabled
[    3.690158] ACPI: Battery Slot [BAT0] (battery present)
[    3.733340] 00:02: ttyS0 at I/O 0x3f8 (irq = 4, base_baud = 115200) is a 16550A
[    3.770703] Linux agpgart interface v0.103
[    3.803625] loop: module loaded
[    3.822524] scsi host0: ata_piix
[    3.839330] scsi host1: ata_piix
[    3.848886] ata1: PATA max UDMA/33 cmd 0x1f0 ctl 0x3f6 bmdma 0xd000 irq 14
[    3.852585] ata2: PATA max UDMA/33 cmd 0x170 ctl 0x376 bmdma 0xd008 irq 15
[    3.888387] tun: Universal TUN/TAP device driver, 1.6
[    3.902678] PPP generic driver version 2.4.2
[    3.906357] ehci_hcd: USB 2.0 'Enhanced' Host Controller (EHCI) Driver
[    3.906357] ehci-pci: EHCI PCI platform driver
[    3.906357] ehci-platform: EHCI generic platform driver
[    3.906357] ohci_hcd: USB 1.1 'Open' Host Controller (OHCI) Driver
[    3.906357] ohci-pci: OHCI PCI platform driver
[    3.906357] ohci-platform: OHCI generic platform driver
[    3.906357] uhci_hcd: USB Universal Host Controller Interface driver
[    3.906357] i8042: PNP: PS/2 Controller [PNP0303:PS2K,PNP0f03:PS2M] at 0x60,0x64 irq 1,12
[    4.055574] serio: i8042 KBD port at 0x60,0x64 irq 1
[    4.070460] serio: i8042 AUX port at 0x60,0x64 irq 12
[    4.087140] mousedev: PS/2 mouse device common for all mice
[    4.108965] rtc_cmos rtc_cmos: rtc core: registered rtc_cmos as rtc0
[    4.131634] rtc_cmos rtc_cmos: alarms up to one day, 114 bytes nvram
[    4.151255] i2c /dev entries driver
[    4.164762] device-mapper: uevent: version 1.0.3
[    4.182616] device-mapper: ioctl: 4.37.0-ioctl (2017-09-20) initialised: dm-devel@redhat.com
[    4.213888] ledtrig-cpu: registered to indicate activity on CPUs
[    4.236852] input: AT Translated Set 2 keyboard as /devices/platform/i8042/serio0/input/input2
[    4.271051] NET: Registered protocol family 10
[    4.317576] Segment Routing with IPv6
[    4.329416] NET: Registered protocol family 17
[    4.345231] Key type dns_resolver registered
[    4.360938] mce: Using 0 MCE banks
[    4.370634] RAS: Correctable Errors collector initialized.
[    4.385095] sched_clock: Marking stable (4384750817, 0)->(7418921323, -3034170506)
[    4.421380] registered taskstats version 1
[    4.434473] Loading compiled-in X.509 certificates
[    4.468224] Loaded X.509 cert 'Build time autogenerated kernel key: 29e5beaa583364da097e68c9386761f80dbce7ef'
[    4.499957] Loaded X.509 cert 'Canonical Ltd. Live Patch Signing: 14df34d1a87cf37625abec039ef2bf521249b969'
[    4.530956] Loaded X.509 cert 'Canonical Ltd. Kernel Module Signing: 88f752e560a1e0737e31163a466ad7b70a850c19'
[    4.556138] blacklist: Loading compiled-in revocation X.509 certificates
[    4.574999] Loaded X.509 cert 'Canonical Ltd. Secure Boot Signing: 61482aa2830d0ab2ad5af10b7250da9033ddcef0'
[    4.603809] zswap: loaded using pool lzo/zbud
[    4.651113] Key type big_key registered
[    4.663217] Key type trusted registered
[    4.686320] Key type encrypted registered
[    4.697574] AppArmor: AppArmor sha1 policy hashing enabled
[    4.713569] ima: No TPM chip found, activating TPM-bypass! (rc=-19)
[    4.732318] ima: Allocated hash algorithm: sha1
[    4.749481] evm: HMAC attrs: 0x1
[    4.767080]   Magic number: 2:875:185
[    4.782282] rtc_cmos rtc_cmos: setting system clock to 2022-12-07 16:10:45 UTC (1670429445)
[    4.813284] BIOS EDD facility v0.16 2004-Jun-25, 0 devices found
[    4.833343] EDD information not available.
[    4.860872] Freeing unused kernel image memory: 2472K
[    4.884290] Write protecting the kernel read-only data: 20480k
[    4.903734] Freeing unused kernel image memory: 2008K
[    4.917667] Freeing unused kernel image memory: 1824K
[    4.945109] x86/mm: Checked W+X mappings: passed, no W+X pages found.
Loading, please wait...
starting version 237
[    5.289437] Fusion MPT base driver 3.04.20
[    5.305731] Copyright (c) 1999-2008 LSI Corporation
[    5.325977] e1000: Intel(R) PRO/1000 Network Driver - version 7.3.21-k8-NAPI
[    5.351131] e1000: Copyright (c) 1999-2006 Intel Corporation.
[    5.461905] Fusion MPT SPI Host driver 3.04.20
[    5.630182] input: ImExPS/2 Generic Explorer Mouse as /devices/platform/i8042/serio1/input/input4
[    7.050787] e1000 0000:00:03.0 eth0: (PCI:33MHz:32-bit) 02:3f:e1:bf:8b:47
[    7.072763] e1000 0000:00:03.0 eth0: Intel(R) PRO/1000 Network Connection
[    8.466831] e1000 0000:00:08.0 eth1: (PCI:33MHz:32-bit) 08:00:27:f1:dd:b8
[    8.489907] e1000 0000:00:08.0 eth1: Intel(R) PRO/1000 Network Connection
[    8.517546] e1000 0000:00:03.0 enp0s3: renamed from eth0
[    8.534512] mptbase: ioc0: Initiating bringup
[    9.863338] e1000 0000:00:08.0 enp0s8: renamed from eth1
[    9.958712] ioc0: LSI53C1030 A0: Capabilities={Initiator}
[   11.074046] scsi host2: ioc0: LSI53C1030 A0, FwRev=00000000h, Ports=1, MaxQ=256, IRQ=20
[   11.606940] scsi 2:0:0:0: Direct-Access     VBOX     HARDDISK         1.0  PQ: 0 ANSI: 5
[   11.669336] scsi target2:0:0: Beginning Domain Validation
[   11.709373] scsi target2:0:0: Domain Validation skipping write tests
[   11.729123] scsi target2:0:0: Ending Domain Validation
[   11.745990] scsi target2:0:0: asynchronous
[   11.767811] scsi 2:0:1:0: Direct-Access     VBOX     HARDDISK         1.0  PQ: 0 ANSI: 5
[   11.820774] scsi target2:0:1: Beginning Domain Validation
[   11.865342] scsi target2:0:1: Domain Validation skipping write tests
[   11.885049] scsi target2:0:1: Ending Domain Validation
[   11.903575] scsi target2:0:1: asynchronous
[   11.971683] sd 2:0:0:0: Attached scsi generic sg0 type 0
[   11.995575] sd 2:0:0:0: [sda] 83886080 512-byte logical blocks: (42.9 GB/40.0 GiB)
[   11.996661] sd 2:0:1:0: Attached scsi generic sg1 type 0
[   12.036916] sd 2:0:0:0: [sda] Write Protect is off
[   12.052901] sd 2:0:1:0: [sdb] 20480 512-byte logical blocks: (10.5 MB/10.0 MiB)
[   12.077911] sd 2:0:1:0: [sdb] Write Protect is off
[   12.093691] sd 2:0:0:0: [sda] Incomplete mode parameter data
[   12.094929] sd 2:0:1:0: [sdb] Incomplete mode parameter data
[   12.113149] sd 2:0:0:0: [sda] Assuming drive cache: write through
[   12.129174] sd 2:0:1:0: [sdb] Assuming drive cache: write through
[   12.197112]  sda: sda1
[   12.222430] sd 2:0:0:0: [sda] Attached SCSI disk
[   12.238958] sd 2:0:1:0: [sdb] Attached SCSI disk
Begin: Loading essential drivers ... [   17.831174] raid6: sse2x1   gen() 57225 MB/s
[   19.829660] raid6: sse2x1   xor() 55192 MB/s
[   20.833251] raid6: sse2x2   gen() 105648 MB/s
[   21.831629] raid6: sse2x2   xor() 62300 MB/s
[   22.876324] raid6: sse2x4   gen()  4800 MB/s
[   22.949507] raid6: sse2x4   xor()  3241 MB/s
[   22.965624] raid6: using algorithm sse2x2 gen() 105648 MB/s
[   22.985309] raid6: .... xor() 62300 MB/s, rmw enabled
[   23.003604] raid6: using ssse3x2 recovery algorithm
[   23.030714] xor: measuring software checksum speed
[   23.088437]    prefetch64-sse:  6100.000 MB/sec
[   23.140400]    generic_sse:  4624.000 MB/sec
[   23.153789] xor: using function: prefetch64-sse (6100.000 MB/sec)
[   23.181821] async_tx: api initialized (async)
done.
Begin: Running /scripts/init-premount ... done.
Begin: Mounting root file system ... Begin: Running /scripts/local-top ... done.
Begin: Running /scripts/local-premount ... [   23.391745] Btrfs loaded, crc32c=crc32c-intel
Scanning for Btrfs filesystems
done.
Warning: fsck not present, so skipping root file system
[   23.603696] EXT4-fs (sda1): mounted filesystem with ordered data mode. Opts: (null)
done.
Begin: Running /scripts/local-bottom ... done.
Begin: Running /scripts/init-bottom ... done.
[   24.329188] ip_tables: (C) 2000-2006 Netfilter Core Team
[   24.387168] systemd[1]: systemd 237 running in system mode. (+PAM +AUDIT +SELINUX +IMA +APPARMOR +SMACK +SYSVINIT +UTMP +LIBCRYPTSETUP +GCRYPT +GNUTLS +ACL +XZ +LZ4 +SECCOMP +BLKID +ELFUTILS +KMOD -IDN2 +IDN -PCRE2 default-hierarchy=hybrid)
[   24.453760] systemd[1]: Detected virtualization oracle.
[   24.469321] systemd[1]: Detected architecture x86-64.

Welcome to [1mUbuntu 18.04.6 LTS[0m!

[   24.582742] systemd[1]: Set hostname to <ubuntu>.
[   24.619102] random: systemd: uninitialized urandom read (16 bytes read)
[   24.635067] systemd[1]: Initializing machine ID from random generator.
[   24.650443] systemd[1]: Installed transient /etc/machine-id file.
[   25.618989] random: systemd: uninitialized urandom read (16 bytes read)
[   25.674709] systemd[1]: Created slice User and Session Slice.
[[0;32m  OK  [0m] Created slice User and Session Slice.
[   25.696979] random: systemd: uninitialized urandom read (16 bytes read)
[   25.714164] systemd[1]: Created slice System Slice.
[[0;32m  OK  [0m] Created slice System Slice.
[   25.746836] random: systemd: uninitialized urandom read (16 bytes read)
[   25.766374] systemd[1]: Listening on Device-mapper event daemon FIFOs.
[[0;32m  OK  [0m] Listening on Device-mapper event daemon FIFOs.
[   25.791687] random: systemd: uninitialized urandom read (16 bytes read)
[   25.813051] systemd[1]: Listening on LVM2 metadata daemon socket.
[[0;32m  OK  [0m] Listening on LVM2 metadata daemon socket.
[[0;32m  OK  [0m] Listening on LVM2 poll daemon socket.
[[0;32m  OK  [0m] Listening on Network Service Netlink Socket.
[[0;32m  OK  [0m] Reached target Slices.
[[0;32m  OK  [0m] Listening on Journal Socket.
         Starting Uncomplicated firewall...
[[0;32m  OK  [0m] Reached target User and Group Name Lookups.
         Mounting POSIX Message Queue File System...
[[0;32m  OK  [0m] Listening on Syslog Socket.
[[0;32m  OK  [0m] Listening on /dev/initctl Compatibility Named Pipe.
[[0;32m  OK  [0m] Listening on Journal Audit Socket.
         Starting Load Kernel Modules...
         Mounting Kernel Debug File System...
[[0;32m  OK  [0m] Reached target System Time Synchronized.[   26.059166] Loading iSCSI transport class v2.0-870.

         Starting Set the console keyboard layout...
[[0;32m  OK  [0m] Listening on Journal Socket (/dev/log).
         Starting Journal Service...
[[0;32m  OK  [0m] Listening on udev Control Socket.
[   26.185142] iscsi: registered transport (tcp)
         Starting Create list of required st…ce nodes for the current kernel...
[[0;32m  OK  [0m] Created slice system-serial\x2dgetty.slice.
[[0;32m  OK  [0m] Started Forward Password Requests to Wall Directory Watch.
[[0;32m  OK  [0m] Listening on udev Kernel Socket.
         Starting udev Coldplug all Devices...
[[0;32m  OK  [0m] Set up automount Arbitrary Executab…rmats File System Automount Point.
[[0;32m  OK  [0m] Reached target Swap.
         Starting Monitoring of LVM2 mirrors…ng dmeventd or progress polling...
[[0;32m  OK  [0m] Listening on fsck to fsckd communication Socket.
         Starting File System Check on Root Device...
         Mounting Huge Pages File System...
[[0;32m  OK  [0m] Started Journal Service.[   26.529442] iscsi: registered transport (iser)

[[0;32m  OK  [0m] Started Uncomplicated firewall.
[[0;32m  OK  [0m] Mounted POSIX Message Queue File System.
[[0;32m  OK  [0m] Started Load Kernel Modules.
[[0;32m  OK  [0m] Mounted Kernel Debug File System.
[[0;32m  OK  [0m] Started Create list of required sta…vice nodes for the current kernel.
[[0;32m  OK  [0m] Mounted Huge Pages File System.
[   26.742689] random: systemd: uninitialized urandom read (16 bytes read)
[   26.769886] random: systemd-journal: uninitialized urandom read (16 bytes read)
[[0;32m  OK  [0m] Started File System Check Daemon to report status.
[   26.798984] random: systemd: uninitialized urandom read (16 bytes read)
[[0;32m  OK  [0m] Started LVM2 metadata daemon.
         Starting Create Static Device Nodes in /dev...
         Mounting Kernel Configuration File System...
         Mounting FUSE Control File System...
         Starting Apply Kernel Variables...
[[0;32m  OK  [0m] Started File System Check on Root Device.
[[   26.962509] random: crng init done
[0;32m  OK  [0m[   26.973933] random: 50 urandom warning(s) missed due to ratelimiting
] Started Set the console keyboard layout.
[[0;32m  OK  [0m] Started udev Coldplug all Devices.
[[0;32m  OK  [0m] Mounted Kernel Configuration File System.
[[0;32m  OK  [0m] Mounted FUSE Control File System.
         Starting Remount Root and Kernel File Systems...
[[0;32m  OK  [0m] Started Monitoring of LVM2 mirrors,…sing dmeventd or progress polling.
[[0;32m  OK  [0m] Started Create Static Device Nodes in /dev.
[[0;32m  OK  [0m] Started Remount Root and Kernel File Systems.
[[0;32m  OK  [0m] Started Apply Kernel Variables.
         Starting udev Kernel Device Manager...
[[0;32m  OK  [0m] Reached target Local File Systems (Pre).
         Starting Load/Save Random Seed...
         Starting Flush Journal to Persistent Storage...
[[0;32m  OK  [0m] Reached target Local File Systems.
         Starting AppArmor initialization...
         Starting Commit a transient machine-id on disk...
         Starting Tell Plymouth To Write Out Runtime Data...
         Starting Set console font and keymap...
         Starting ebtables ruleset management...
[[0;32m  OK  [0m] Started Tell Plymouth To Write Out Runtime Data.
[[0;32m  OK  [0m] Started Set console font and keymap.
[[0;32m  OK  [0m] Started Load/Save Random Seed.
[[0;32m  OK  [0m] Started Flush Journal to Persistent Storage.
[[0;32m  OK  [0m] Started Commit a transient machine-id on disk.
         Starting Create Volatile Files and Directories...
[[0;32m  OK  [0m] Started udev Kernel Device Manager.
[[0;32m  OK  [0m] Started Dispatch Password Requests to Console Directory Watch.
[[0;32m  OK  [0m] Reached target Local Encrypted Volumes.
[[0;32m  OK  [0m] Started Create Volatile Files and Directories.
         Starting Update UTMP about System Boot/Shutdown...
[[0;32m  OK  [0m] Started ebtables ruleset management.
[[0;32m  OK  [0m] Started Update UTMP about System Boot/Shutdown.
[[0;32m  OK  [0m] Found device /dev/ttyS0.
[[0;32m  OK  [0m] Listening on Load/Save RF Kill Switch Status /dev/rfkill Watch.
[[0;32m  OK  [0m] Started AppArmor initialization.
         Mounting Arbitrary Executable File Formats File System...
         Starting Load AppArmor profiles managed internally by snapd...
         Starting Initial cloud-init job (pre-networking)...
[[0;32m  OK  [0m] Mounted Arbitrary Executable File Formats File System.
[[0;32m  OK  [0m] Started Load AppArmor profiles managed internally by snapd.
[   37.134930] cloud-init[517]: Cloud-init v. 22.3.4-0ubuntu1~18.04.1 running 'init-local' at Wed, 07 Dec 2022 16:11:16 +0000. Up 35.74 seconds.
[[0;32m  OK  [0m] Started Initial cloud-init job (pre-networking).
[[0;32m  OK  [0m] Reached target Network (Pre).
         Starting Network Service...
[[0;32m  OK  [0m] Started Network Service.
         Starting Wait for Network to be Configured...
         Starting Network Name Resolution...
[[0;32m  OK  [0m] Started Network Name Resolution.
[[0;32m  OK  [0m] Reached target Host and Network Name Lookups.
[[0;32m  OK  [0m] Reached target Network.
[[0;32m  OK  [0m] Started Wait for Network to be Configured.
         Starting Initial cloud-init job (metadata service crawler)...
[   41.254229] cloud-init[625]: Cloud-init v. 22.3.4-0ubuntu1~18.04.1 running 'init' at Wed, 07 Dec 2022 16:11:21 +0000. Up 40.66 seconds.
[   41.289031] cloud-init[625]: ci-info: ++++++++++++++++++++++++++++++++++++++Net device info+++++++++++++++++++++++++++++++++++++++
[   41.310621] cloud-init[625]: ci-info: +--------+-------+----------------------------+---------------+--------+-------------------+
[   41.330788] cloud-init[625]: ci-info: | Device |   Up  |          Address           |      Mask     | Scope  |     Hw-Address    |
[   41.351075] cloud-init[625]: ci-info: +--------+-------+----------------------------+---------------+--------+-------------------+
[   41.373102] cloud-init[625]: ci-info: | enp0s3 |  True |         10.0.2.15          | 255.255.255.0 | global | 02:3f:e1:bf:8b:47 |
[   41.395101] cloud-init[625]: ci-info: | enp0s3 |  True | fe80::3f:e1ff:febf:8b47/64 |       .       |  link  | 02:3f:e1:bf:8b:47 |
[   41.417581] cloud-init[625]: ci-info: | enp0s8 | False |             .              |       .       |   .    | 08:00:27:f1:dd:b8 |
[   41.435730] cloud-init[625]: ci-info: |   lo   |  True |         127.0.0.1          |   255.0.0.0   |  host  |         .         |
[   41.457890] cloud-init[625]: ci-info: |   lo   |  True |          ::1/128           |       .       |  host  |         .         |
[   41.479647] cloud-init[625]: ci-info: +--------+-------+----------------------------+---------------+--------+-------------------+
[   41.505873] cloud-init[625]: ci-info: ++++++++++++++++++++++++++++Route IPv4 info+++++++++++++++++++++++++++++
[   41.523275] cloud-init[625]: ci-info: +-------+-------------+----------+-----------------+-----------+-------+
[   41.538440] cloud-init[625]: ci-info: | Route | Destination | Gateway  |     Genmask     | Interface | Flags |
[   41.554860] cloud-init[625]: ci-info: +-------+-------------+----------+-----------------+-----------+-------+
[   41.574016] cloud-init[625]: ci-info: |   0   |   0.0.0.0   | 10.0.2.2 |     0.0.0.0     |   enp0s3  |   UG  |
[   41.593476] cloud-init[625]: ci-info: |   1   |   10.0.2.0  | 0.0.0.0  |  255.255.255.0  |   enp0s3  |   U   |
[   41.613788] cloud-init[625]: ci-info: |   2   |   10.0.2.2  | 0.0.0.0  | 255.255.255.255 |   enp0s3  |   UH  |
[   41.629186] cloud-init[625]: ci-info: +-------+-------------+----------+-----------------+-----------+-------+
[   41.649607] cloud-init[625]: ci-info: +++++++++++++++++++Route IPv6 info+++++++++++++++++++
[   41.657420] cloud-init[625]: ci-info: +-------+-------------+---------+-----------+-------+
[   41.665266] cloud-init[625]: ci-info: | Route | Destination | Gateway | Interface | Flags |
[   41.674196] cloud-init[625]: ci-info: +-------+-------------+---------+-----------+-------+
[   41.681479] cloud-init[625]: ci-info: |   1   |  fe80::/64  |    ::   |   enp0s3  |   U   |
[   41.691587] cloud-init[625]: ci-info: |   3   |    local    |    ::   |   enp0s3  |   U   |
[   41.703322] cloud-init[625]: ci-info: |   4   |   ff00::/8  |    ::   |   enp0s3  |   U   |
[   41.715921] cloud-init[625]: ci-info: +-------+-------------+---------+-----------+-------+
[   43.655699] cloud-init[625]: Generating public/private rsa key pair.
[   43.677703] cloud-init[625]: Your identification has been saved in /etc/ssh/ssh_host_rsa_key.
[   43.695087] cloud-init[625]: Your public key has been saved in /etc/ssh/ssh_host_rsa_key.pub.
[   43.710169] cloud-init[625]: The key fingerprint is:
[   43.724412] cloud-init[625]: SHA256:ciE0Em4QLo/nCfWHQL+cY3UyXNVsqPkIYGmZK3t74OI root@ubuntu-bionic
[   43.747905] cloud-init[625]: The key's randomart image is:
[   43.760139] cloud-init[625]: +---[RSA 2048]----+
[   43.770444] cloud-init[625]: |  +.o=o ...+     |
[   43.781230] cloud-init[625]: | o +B+ o  . +    |
[[0;32m  OK  [0m[   43.796900] cloud-init[625]: |. +o+o* oo .     |
[   43.799580] cloud-init[625]: | =.=.=.=o.       |
[   43.801899] cloud-init[625]: |o ooO o.So       |
[   43.802956] cloud-init[625]: | +.ooo o. .      |
[   43.804023] cloud-init[625]: |  oo o           |
[   43.806338] cloud-init[625]: |  . o .          |
[   43.807443] cloud-init[625]: | .E. .           |
[   43.809867] cloud-init[625]: +----[SHA256]-----+
[   43.810905] cloud-init[625]: Generating public/private dsa key pair.
[   43.814936] cloud-init[625]: Your identification has been saved in /etc/ssh/ssh_host_dsa_key.
[   43.816905] cloud-init[625]: Your public key has been saved in /etc/ssh/ssh_host_dsa_key.pub.
[   43.818143] cloud-init[625]: The key fingerprint is:
[   43.819069] cloud-init[625]: SHA256:tfFE4p0PLLP1772nPVXr5p//qR5Lxagr/R8DctOxTMM root@ubuntu-bionic
[   43.821983] cloud-init[625]: The key's randomart image is:
[   43.823541] cloud-init[625]: +---[DSA 1024]----+
[   43.830347] cloud-init[625]: |          . .    |
[   43.831395] cloud-init[625]: |         . = ..  |
[   43.835576] cloud-init[625]: |          * B  E |
[   43.838205] cloud-init[625]: |         . X +* =|
[   43.839573] cloud-init[625]: |        S o..=o*o|
[   43.842839] cloud-init[625]: |            + +o.|
[   43.843000] cloud-init[625]: |          .. o.oo|
[   43.843188] cloud-init[625]: |         . .o o*B|
[   43.843327] cloud-init[625]: |          ..o=*B#|
[   43.843514] cloud-init[625]: +----[SHA256]-----+
[   43.843656] cloud-init[625]: Generating public/private ecdsa key pair.
[   43.847139] cloud-init[625]: Your identification has been saved in /etc/ssh/ssh_host_ecdsa_key.
[   43.850921] cloud-init[625]: Your public key has been saved in /etc/ssh/ssh_host_ecdsa_key.pub.
[   43.851815] cloud-init[625]: The key fingerprint is:
[   43.854647] cloud-init[625]: SHA256:Rrey8IN2l6jkLzrtCsAlnDDaSUJc7TUd2wgzbKjBGmQ root@ubuntu-bionic
[   43.855946] cloud-init[625]: The key's randomart image is:
[   43.859087] cloud-init[625]: +---[ECDSA 256]---+
[   43.862302] cloud-init[625]: |BE+.. o+...      |
[   43.863808] cloud-init[625]: |=B.+ o =+.+      |
[   43.866901] cloud-init[625]: |.+=.+ o oo..     |
[   43.868061] cloud-init[625]: |..o. . . . .     |
[   43.870139] cloud-init[625]: |..    . S .      |
[   43.871029] cloud-init[625]: | .     = + .     |
[   43.871904] cloud-init[625]: |  .  .+ * o      |
[   43.873627] cloud-init[625]: |   ..+oo o       |
[   43.875850] cloud-init[625]: |    o=+o.        |
[   43.877381] cloud-init[625]: +----[SHA256]-----+
[   43.878151] cloud-init[625]: Generating public/private ed25519 key pair.
[   43.879079] cloud-init[625]: Your identification has been saved in /etc/ssh/ssh_host_ed25519_key.
[   43.879840] cloud-init[625]: Your public key has been saved in /etc/ssh/ssh_host_ed25519_key.pub.
[   43.881475] cloud-init[625]: The key fingerprint is:
[   43.883390] cloud-init[625]: SHA256:2KJaaB2n5G57ie9y/CdUwcgewec6eZG3ERHUi7OQXsA root@ubuntu-bionic
[   43.885403] cloud-init[625]: The key's randomart image is:
[   43.886412] cloud-init[625]: +--[ED25519 256]--+
[   43.887458] cloud-init[625]: |       o.= .++   |
[   43.889804] cloud-init[625]: |        = E . .  |
[   43.890909] cloud-init[625]: |       . + = o . |
[   43.891999] cloud-init[625]: |       o. B * .  |
[   43.894326] cloud-init[625]: |    o + S= = =   |
[   43.897466] cloud-init[625]: |   = = .= o o    |
[   43.898842] cloud-init[625]: |  o *o o o       |
[   43.899708] cloud-init[625]: | . ++ = . .      |
[   43.901806] cloud-init[625]: |  ..oBo..o       |
[   43.902671] cloud-init[625]: +----[SHA256]-----+
] Started Initial cloud-init job (metadata service crawler).
[[0;32m  OK  [0m] Reached target Cloud-config availability.
[[0;32m  OK  [0m] Reached target Network is Online.
         Starting Availability of block devices...
[[0;32m  OK  [0m] Reached target Remote File Systems (Pre).
[[0;32m  OK  [0m] Reached target Remote File Systems.
[[0;32m  OK  [0m] Reached target System Initialization.
[[0;32m  OK  [0m] Started ACPI Events Check.
[[0;32m  OK  [0m] Listening on UUID daemon activation socket.
[[0;32m  OK  [0m] Started Message of the Day.
[[0;32m  OK  [0m] Started Daily Cleanup of Temporary Directories.
[[0;32m  OK  [0m] Started Daily apt download activities.
[[0;32m  OK  [0m] Listening on Open-iSCSI iscsid Socket.
[[0;32m  OK  [0m] Started Daily apt upgrade and clean activities.
[[0;32m  OK  [0m] Reached target Paths.
[[0;32m  OK  [0m] Listening on cloud-init hotplug hook socket.
         Starting LXD - unix socket.
[[0;32m  OK  [0m] Listening on D-Bus System Message Bus Socket.
[[0;32m  OK  [0m] Started Discard unused blocks once a week.
[[0;32m  OK  [0m] Started Ubuntu Advantage Timer for running repeated jobs.
         Starting Socket activation for snappy daemon.
[[0;32m  OK  [0m] Listening on ACPID Listen Socket.
[[0;32m  OK  [0m] Reached target Timers.
[[0;32m  OK  [0m] Started Availability of block devices.
[[0;32m  OK  [0m] Listening on LXD - unix socket.
[[0;32m  OK  [0m] Listening on Socket activation for snappy daemon.
[[0;32m  OK  [0m] Reached target Sockets.
[[0;32m  OK  [0m] Reached target Basic System.
[[0;32m  OK  [0m] Started FUSE filesystem for LXC.
[[0;32m  OK  [0m] Reached target Login Prompts (Pre).
[[0;32m  OK  [0m] Started Regular background program processing daemon.
         Starting Permit User Sessions...
[[0;32m  OK  [0m] Started Deferred execution scheduler.
         Starting Pollinate to seed the pseudo random number generator...
         Starting System Logging Service...
         Starting LSB: automatic crash report generation...
         Starting Snap Daemon...
         Starting Dispatcher daemon for systemd-networkd...
         Starting Accounts Service...
         Starting Virtualbox guest utils...
         Starting Login Service...
[[0;32m  OK  [0m] Started D-Bus System Message Bus.
[[0;32m  OK  [0m] Started irqbalance daemon.
         Starting LSB: Record successful boot for GRUB...
         Starting LXD - container startup/shutdown...
[[0;32m  OK  [0m] Started System Logging Service.
[[0;32m  OK  [0m] Started Permit User Sessions.
[[0;32m  OK  [0m] Started Login Service.
[[0;32m  OK  [0m] Started Unattended Upgrades Shutdown.
         Starting Hold until boot process finishes up...
         Starting Terminate Plymouth Boot Screen...
[[0;32m  OK  [0m] Started Hold until boot process finishes up.
[[0;32m  OK  [0m] Started Terminate Plymouth Boot Screen.
         Starting Authorization Manager...
[[0;32m  OK  [0m] Started Serial Getty on ttyS0.
         Starting Set console scheme...
[[0;32m  OK  [0m] Started LSB: automatic crash report generation.
[[0;32m  OK  [0m] Started Set console scheme.
[[0;32m  OK  [0m] Created slice system-getty.slice.
[[0;32m  OK  [0m] Started Getty on tty1.
[[0;32m  OK  [0m] Reached target Login Prompts.
[[0;32m  OK  [0m] Started Authorization Manager.
[[0;32m  OK  [0m] Started Accounts Service.
[[0;32m  OK  [0m] Started LSB: Record successful boot for GRUB.
[[0;32m  OK  [0m] Started Virtualbox guest utils.
[[0;32m  OK  [0m] Started LXD - container startup/shutdown.
[[0;32m  OK  [0m] Started Dispatcher daemon for systemd-networkd.
[[0;32m  OK  [0m] Started Pollinate to seed the pseudo random number generator.
         Starting OpenBSD Secure Shell server...
[[0;32m  OK  [0m] Started Snap Daemon.
         Starting Wait until snapd is fully seeded...
[[0;32m  OK  [0m] Started OpenBSD Secure Shell server.
[[0;32m  OK  [0m] Created slice User Slice of vagrant.
         Starting Time & Date Service...
         Starting User Manager for UID 1000...
[[0;32m  OK  [0m] Started Session 1 of user vagrant.
[[0;32m  OK  [0m] Started Time & Date Service.
[[0;32m  OK  [0m] Started User Manager for UID 1000.

Ubuntu 18.04.6 LTS ubuntu-bionic ttyS0

ubuntu-bionic login: [   57.581491] cloud-init[1072]: Cloud-init v. 22.3.4-0ubuntu1~18.04.1 running 'modules:config' at Wed, 07 Dec 2022 16:11:35 +0000. Up 54.72 seconds.
ci-info: no authorized SSH keys fingerprints found for user ubuntu.
<14>Dec  7 16:11:41 cloud-init: #############################################################
<14>Dec  7 16:11:41 cloud-init: -----BEGIN SSH HOST KEY FINGERPRINTS-----
<14>Dec  7 16:11:41 cloud-init: 1024 SHA256:tfFE4p0PLLP1772nPVXr5p//qR5Lxagr/R8DctOxTMM root@ubuntu-bionic (DSA)
<14>Dec  7 16:11:41 cloud-init: 256 SHA256:Rrey8IN2l6jkLzrtCsAlnDDaSUJc7TUd2wgzbKjBGmQ root@ubuntu-bionic (ECDSA)
<14>Dec  7 16:11:41 cloud-init: 256 SHA256:2KJaaB2n5G57ie9y/CdUwcgewec6eZG3ERHUi7OQXsA root@ubuntu-bionic (ED25519)
<14>Dec  7 16:11:41 cloud-init: 2048 SHA256:ciE0Em4QLo/nCfWHQL+cY3UyXNVsqPkIYGmZK3t74OI root@ubuntu-bionic (RSA)
<14>Dec  7 16:11:41 cloud-init: -----END SSH HOST KEY FINGERPRINTS-----
<14>Dec  7 16:11:41 cloud-init: #############################################################
-----BEGIN SSH HOST KEY KEYS-----
ecdsa-sha2-nistp256 AAAAE2VjZHNhLXNoYTItbmlzdHAyNTYAAAAIbmlzdHAyNTYAAABBBB1+eCL877wTjUn1KdtJewU9oYoYvDrR8yiIdbe867lRJoFE1LgKiH5TVg99kEWN+8KP5DqqmX6/QsIgWB5QFfw= root@ubuntu-bionic
ssh-ed25519 AAAAC3NzaC1lZDI1NTE5AAAAIEMcNJ9fNGwTRIlAJ5PGXxHIUUd6W1ZuzTiRRdPjNF0g root@ubuntu-bionic
ssh-rsa AAAAB3NzaC1yc2EAAAADAQABAAABAQDKWniKiJMuTsqMwfnsttfvYYlTZNKm8J5OIlx02T2kyTRjLoimCACI6xmzNAgvRdyJX2yrOc85yNP9+C3/YhYcpMkX4nwU40+ikLN7BjUxM3pL/D8hhKiYGusuQISWSH4cXSb06r9lEP2hJrk/R4y1ov9M/BcC/JZnDbSOyrsk7o/VqOtIRCUU2qRRx+Vye24f2Hy7xuUuYZkNc87wQ6WkqcTlDazOe05GCm/e3ijY4hvFF306l5Ls1TLSZCNWX7LWsFO+RsknPmSZYKjSW/0SOPJkk/GNObP8a7hKsj2AdaV/ffQgVrVR9nXNUvbxIT2Fup6pJuL6CWbj60OPUBqj root@ubuntu-bionic
-----END SSH HOST KEY KEYS-----
[   61.447038] cloud-init[1280]: Cloud-init v. 22.3.4-0ubuntu1~18.04.1 running 'modules:final' at Wed, 07 Dec 2022 16:11:41 +0000. Up 60.36 seconds.
[   61.489493] cloud-init[1280]: Cloud-init v. 22.3.4-0ubuntu1~18.04.1 finished at Wed, 07 Dec 2022 16:11:42 +0000. Datasource DataSourceNoCloud [seed=/dev/sdb][dsmode=net].  Up 61.31 seconds
